2021-05-24 05:29:01: -----------Request----------->
GET http://localhost:5000/shortlink/decode/not.exist

User-Agent: python-requests/2.25.1
Accept-Encoding: gzip, deflate
Accept: */*
Connection: keep-alive

None

2021-05-24 05:29:01: <-----------Response-----------
Status code:404

Content-Type: application/json
Content-Length: 194
Server: Werkzeug/1.0.1 Python/3.8.10
Date: Mon, 24 May 2021 11:59:01 GMT

{
    "error": 404,
    "message": "short_url http://not.exist not found. You have requested this URI [/shortlink/decode/not.exist] but did you mean /shortlink/decode/<path:uri> or /shortlink/encode ?"
}

2021-05-24 05:29:01: -----------Request----------->
POST http://localhost:5000/shortlink/encode

User-Agent: Python Requests
Accept-Encoding: gzip, deflate
Accept: */*
Connection: keep-alive
Content-Type: application/json
Content-Length: 100

{
    "domain": "my.dom",
    "long_url": "https://somelongurl.viclp.com",
    "title": "Test URL"
}

2021-05-24 05:29:01: <-----------Response-----------
Status code:200

Content-Type: application/json
Content-Length: 124
Server: Werkzeug/1.0.1 Python/3.8.10
Date: Mon, 24 May 2021 11:59:01 GMT

{
    "domain": "my.dom",
    "long_url": "https://somelongurl.viclp.com",
    "title": "Test URL",
    "short_url": "http://my.dom/Dvo1xy"
}

2021-05-24 05:29:01: -----------Request----------->
GET http://localhost:5000/shortlink/decode/my.dom/Dvo1xy

User-Agent: python-requests/2.25.1
Accept-Encoding: gzip, deflate
Accept: */*
Connection: keep-alive

None

2021-05-24 05:29:01: <-----------Response-----------
Status code:200

Content-Type: application/json
Content-Length: 124
Server: Werkzeug/1.0.1 Python/3.8.10
Date: Mon, 24 May 2021 11:59:01 GMT

{
    "domain": "my.dom",
    "long_url": "https://somelongurl.viclp.com",
    "title": "Test URL",
    "short_url": "http://my.dom/Dvo1xy"
}

2021-05-24 05:29:01: -----------Request----------->
POST http://localhost:5000/shortlink/encode

User-Agent: Python Requests
Accept-Encoding: gzip, deflate
Accept: */*
Connection: keep-alive
Content-Type: application/json
Content-Length: 51

{
    "domain": "my.dom",
    "title": "Test URL"
}

2021-05-24 05:29:01: <-----------Response-----------
Status code:400

Content-Type: application/json
Content-Length: 118
Server: Werkzeug/1.0.1 Python/3.8.10
Date: Mon, 24 May 2021 11:59:01 GMT

{
    "errors": {
        "long_url": "Missing required parameter in the JSON body"
    },
    "message": "Input payload validation failed"
}

